<component name="libraryTable">
  <library name="JUnit4">
    <CLASSES>
      <root url="file://$PROJECT_DIR$/lib" />
    </CLASSES>
    <JAVADOC />
    <SOURCES />
  </library>
</component>